Loading db file '/softslin/AMS_410_ISR15/synopsys/c35_3.3V/c35_CORELIB_TYP.db'
Information: Propagating switching activity (high effort zero delay simulation). (PWR-6)
Warning: Design has unannotated primary inputs. (PWR-414)
Warning: Design has unannotated sequential cell outputs. (PWR-415)
 
****************************************
Report : power
        -analysis_effort high
Design : zigbee_platform
Version: J-2014.09-SP2
Date   : Mon Jun  5 11:06:50 2023
****************************************


Library(s) Used:

    c35_CORELIB_TYP (File: /softslin/AMS_410_ISR15/synopsys/c35_3.3V/c35_CORELIB_TYP.db)


Operating Conditions: WORST   Library: c35_CORELIB_TYP
Wire Load Model Mode: enclosed

Design        Wire Load Model            Library
------------------------------------------------
zigbee_platform        10k               c35_CORELIB_TYP


Global Operating Voltage = 3    
Power-specific unit information :
    Voltage Units = 1V
    Capacitance Units = 1.000000pf
    Time Units = 1ns
    Dynamic Power Units = 1mW    (derived from V,C,T units)
    Leakage Power Units = 1pW


  Cell Internal Power  =  23.3382 mW   (97%)
  Net Switching Power  = 838.6045 uW    (3%)
                         ---------
Total Dynamic Power    =  24.1768 mW  (100%)

Cell Leakage Power     =   7.3848 nW


                 Internal         Switching           Leakage            Total
Power Group      Power            Power               Power              Power   (   %    )  Attrs
--------------------------------------------------------------------------------------------------
io_pad             0.0000            0.0000            0.0000            0.0000  (   0.00%)
memory             0.0000            0.0000            0.0000            0.0000  (   0.00%)
black_box          0.0000            0.0000            0.0000            0.0000  (   0.00%)
clock_network      0.0000            0.0000            0.0000            0.0000  (   0.00%)
register          22.5922            0.2158        4.0698e+03           22.8080  (  94.34%)
sequential     7.0869e-03        7.8480e-04           11.4816        7.8717e-03  (   0.03%)
combinational      0.7389            0.6220        3.3036e+03            1.3610  (   5.63%)
--------------------------------------------------------------------------------------------------
Total             23.3383 mW         0.8386 mW     7.3848e+03 pW        24.1769 mW
1
