 
****************************************
Report : constraint
Design : zigbee_platform
Version: J-2014.09-SP2
Date   : Mon Jun  5 11:06:49 2023
****************************************


                                                   Weighted
    Group (max_delay/setup)      Cost     Weight     Cost
    -----------------------------------------------------
    clk                          9.84      1.00      9.84
    default                      0.00      1.00      0.00
    -----------------------------------------------------
    max_delay/setup                                  9.84

                              Total Neg  Critical
    Group (critical_range)      Slack    Endpoints   Cost
    -----------------------------------------------------
    clk                         89.54         1      9.84
    default                      0.00         0      0.00
    -----------------------------------------------------
    critical_range                                   9.84

                                                   Weighted
    Group (min_delay/hold)       Cost     Weight     Cost
    -----------------------------------------------------
    clk (no fix_hold)            0.00      1.00      0.00
    default                      0.00      1.00      0.00
    -----------------------------------------------------
    min_delay/hold                                   0.00


    Constraint                                       Cost
    -----------------------------------------------------
    max_transition                                   0.00 (MET)
    max_capacitance                                  0.00 (MET)
    max_delay/setup                                  9.84 (VIOLATED)
    sequential_clock_pulse_width                     0.00 (MET)
    critical_range                                   9.84 (VIOLATED)
    max_area                                     1065221.00
                                                          (VIOLATED)


1
