 
****************************************
Report : timing
        -path full
        -delay max
        -max_paths 1
        -sort_by group
Design : zigbee_platform
Version: J-2014.09-SP2
Date   : Fri Jun  9 16:03:35 2023
****************************************

 # A fanout number of 1000 was used for high fanout net computations.

Operating Conditions: WORST   Library: c35_CORELIB_TYP
Wire Load Model Mode: enclosed

  Startpoint: i_iq_demod/filtre_Q/data_1_2_reg[0]
              (rising edge-triggered flip-flop clocked by clk)
  Endpoint: i_iq_demod/filtre_Q/mult2_multiplier/register_pipe_reg[9][3]
            (rising edge-triggered flip-flop clocked by clk)
  Path Group: clk
  Path Type: max

  Des/Clust/Port     Wire Load Model       Library
  ------------------------------------------------
  zigbee_platform    10k                   c35_CORELIB_TYP

  Point                                                   Incr       Path
  --------------------------------------------------------------------------
  clock clk (rise edge)                                 0.0000     0.0000
  clock network delay (ideal)                           0.0000     0.0000
  i_iq_demod/filtre_Q/data_1_2_reg[0]/C (DFC3)          0.0000 #   0.0000 r
  i_iq_demod/filtre_Q/data_1_2_reg[0]/QN (DFC3)         1.6209     1.6209 r
  U8492/Q (XNR21)                                       0.7263     2.3472 f
  U8493/Q (NAND22)                                      0.4364     2.7836 r
  U8495/Q (OAI212)                                      0.2396     3.0232 f
  U6480/Q (INV3)                                        0.3498     3.3731 r
  U6469/Q (XNR31)                                       1.1901     4.5632 r
  U6383/Q (BUF6)                                        0.4416     5.0047 r
  U6692/Q (XOR22)                                       0.5920     5.5967 r
  U8007/Q (XNR21)                                       0.8450     6.4417 f
  U8538/Q (NAND22)                                      0.4601     6.9018 r
  U8541/Q (OAI222)                                      0.3503     7.2521 f
  U6302/Q (INV6)                                        0.3086     7.5607 r
  U6316/Q (OAI212)                                      0.1748     7.7355 f
  U8542/Q (OAI212)                                      0.5300     8.2655 r
  U6350/Q (INV3)                                        0.2365     8.5020 f
  U5886/Q (NAND21)                                      0.5037     9.0057 r
  U8929/Q (AOI312)                                      0.2606     9.2664 f
  U6944/Q (XOR22)                                       0.7212     9.9876 f
  U5840/Q (NAND23)                                      0.3164    10.3039 r
  U8930/Q (OAI212)                                      0.2777    10.5817 f
  U6314/Q (CLKIN6)                                      0.3140    10.8957 r
  U6313/Q (XNR22)                                       0.5466    11.4423 f
  U5859/Q (CLKIN3)                                      0.2698    11.7121 r
  U7979/Q (XNR31)                                       1.4342    13.1463 r
  U8959/Q (OAI222)                                      0.3681    13.5143 f
  U5805/Q (INV4)                                        0.3695    13.8838 r
  U8965/Q (OAI212)                                      0.1754    14.0592 f
  U8966/Q (OAI212)                                      0.5396    14.5987 r
  U8976/Q (OAI222)                                      0.2290    14.8277 f
  U5909/Q (CLKIN6)                                      0.4340    15.2617 r
  U8997/Q (XOR31)                                       1.3143    16.5760 r
  U8998/Q (OAI222)                                      0.1874    16.7633 f
  U5817/Q (CLKIN6)                                      0.3009    17.0642 r
  U5818/Q (INV10)                                       0.1513    17.2155 f
  U5863/Q (INV3)                                        0.1874    17.4030 r
  U9026/Q (XOR31)                                       1.1367    18.5397 r
  U9027/Q (OAI222)                                      0.1533    18.6930 f
  U6444/Q (INV3)                                        0.4011    19.0941 r
  U8100/Q (XNR20)                                       0.9028    19.9969 f
  i_iq_demod/filtre_Q/mult2_multiplier/register_pipe_reg[9][3]/D (DFC3)
                                                        0.0001    19.9970 f
  data arrival time                                               19.9970

  clock clk (rise edge)                                20.0000    20.0000
  clock network delay (ideal)                           0.0000    20.0000
  i_iq_demod/filtre_Q/mult2_multiplier/register_pipe_reg[9][3]/C (DFC3)
                                                        0.0000    20.0000 r
  library setup time                                   -0.0012    19.9988
  data required time                                              19.9988
  --------------------------------------------------------------------------
  data required time                                              19.9988
  data arrival time                                              -19.9970
  --------------------------------------------------------------------------
  slack (MET)                                                      0.0018


1
