Loading db file '/softslin/AMS_410_ISR15/synopsys/c35_3.3V/c35_CORELIB_TYP.db'
Information: Propagating switching activity (high effort zero delay simulation). (PWR-6)
Warning: Design has unannotated primary inputs. (PWR-414)
Warning: Design has unannotated sequential cell outputs. (PWR-415)
 
****************************************
Report : power
        -analysis_effort high
Design : zigbee_platform
Version: J-2014.09-SP2
Date   : Tue Jun  6 09:42:38 2023
****************************************


Library(s) Used:

    c35_CORELIB_TYP (File: /softslin/AMS_410_ISR15/synopsys/c35_3.3V/c35_CORELIB_TYP.db)


Operating Conditions: TYPICAL   Library: c35_CORELIB_TYP
Wire Load Model Mode: enclosed

Design        Wire Load Model            Library
------------------------------------------------
zigbee_platform        10k               c35_CORELIB_TYP


Global Operating Voltage = 3.3  
Power-specific unit information :
    Voltage Units = 1V
    Capacitance Units = 1.000000pf
    Time Units = 1ns
    Dynamic Power Units = 1mW    (derived from V,C,T units)
    Leakage Power Units = 1pW


  Cell Internal Power  =  27.5012 mW   (93%)
  Net Switching Power  =   2.0937 mW    (7%)
                         ---------
Total Dynamic Power    =  29.5949 mW  (100%)

Cell Leakage Power     =   7.2671 nW


                 Internal         Switching           Leakage            Total
Power Group      Power            Power               Power              Power   (   %    )  Attrs
--------------------------------------------------------------------------------------------------
io_pad             0.0000            0.0000            0.0000            0.0000  (   0.00%)
memory             0.0000            0.0000            0.0000            0.0000  (   0.00%)
black_box          0.0000            0.0000            0.0000            0.0000  (   0.00%)
clock_network      0.0000            0.0000            0.0000            0.0000  (   0.00%)
register          26.5326            0.8382        4.5611e+03           27.3709  (  92.49%)
sequential     6.5112e-03        9.1493e-04           11.4816        7.4261e-03  (   0.03%)
combinational      0.9620            1.2545        2.6945e+03            2.2166  (   7.49%)
--------------------------------------------------------------------------------------------------
Total             27.5011 mW         2.0937 mW     7.2671e+03 pW        29.5949 mW
1
