Loading db file '/softslin/AMS_410_ISR15/synopsys/c35_3.3V/c35_CORELIB_TYP.db'
Information: Propagating switching activity (high effort zero delay simulation). (PWR-6)
Warning: Design has unannotated primary inputs. (PWR-414)
Warning: Design has unannotated sequential cell outputs. (PWR-415)
 
****************************************
Report : power
        -analysis_effort high
Design : zigbee_platform
Version: J-2014.09-SP2
Date   : Fri Jun  9 16:02:56 2023
****************************************


Library(s) Used:

    c35_CORELIB_TYP (File: /softslin/AMS_410_ISR15/synopsys/c35_3.3V/c35_CORELIB_TYP.db)


Operating Conditions: BEST   Library: c35_CORELIB_TYP
Wire Load Model Mode: enclosed

Design        Wire Load Model            Library
------------------------------------------------
zigbee_platform        10k               c35_CORELIB_TYP


Global Operating Voltage = 3.6  
Power-specific unit information :
    Voltage Units = 1V
    Capacitance Units = 1.000000pf
    Time Units = 1ns
    Dynamic Power Units = 1mW    (derived from V,C,T units)
    Leakage Power Units = 1pW


  Cell Internal Power  =  27.0462 mW   (91%)
  Net Switching Power  =   2.5350 mW    (9%)
                         ---------
Total Dynamic Power    =  29.5811 mW  (100%)

Cell Leakage Power     =   7.6378 nW


                 Internal         Switching           Leakage            Total
Power Group      Power            Power               Power              Power   (   %    )  Attrs
--------------------------------------------------------------------------------------------------
io_pad             0.0000            0.0000            0.0000            0.0000  (   0.00%)
memory             0.0000            0.0000            0.0000            0.0000  (   0.00%)
black_box          0.0000            0.0000            0.0000            0.0000  (   0.00%)
clock_network      0.0000            0.0000            0.0000            0.0000  (   0.00%)
register          26.2149            0.8984        4.5204e+03           27.1133  (  91.66%)
sequential     6.6322e-03        1.1270e-03           12.7772        7.7592e-03  (   0.03%)
combinational      0.8246            1.6355        3.1046e+03            2.4601  (   8.32%)
--------------------------------------------------------------------------------------------------
Total             27.0461 mW         2.5350 mW     7.6378e+03 pW        29.5811 mW
1
